<?xml version="1.0" encoding="UTF-8"?>
<!-- Generated by org.testng.reporters.JUnitReportReporter -->
<testsuite skipped="1" hostname="Nhats-iMac.local" name="autotest.Ajaxdemo" tests="2" failures="0" timestamp="2020-05-27T10:49:08 ICT" time="3.048" errors="1">
  <testcase name="setUp" time="3.048" classname="autotest.Ajaxdemo">
    <error type="org.openqa.selenium.SessionNotCreatedException" message="session not created: This version of ChromeDriver only supports Chrome version 81
Build info: version: &#039;3.141.59&#039;, revision: &#039;e82be7d358&#039;, time: &#039;2018-11-14T08:25:53&#039;
System info: host: &#039;Nhats-iMac.local&#039;, ip: &#039;127.0.0.1&#039;, os.name: &#039;Mac OS X&#039;, os.arch: &#039;x86_64&#039;, os.version: &#039;10.14.4&#039;, java.version: &#039;1.8.0_201&#039;
Driver info: driver.version: ChromeDriver
remote stacktrace: 0   chromedriver                        0x000000010a2fe269 chromedriver + 4674153
1   chromedriver                        0x000000010a298593 chromedriver + 4257171
2   chromedriver                        0x0000000109f41fcf chromedriver + 757711
3   chromedriver                        0x0000000109ea1f89 chromedriver + 102281
4   chromedriver                        0x0000000109e9e1bc chromedriver + 86460
5   chromedriver                        0x0000000109ecd3c3 chromedriver + 279491
6   chromedriver                        0x0000000109eca1d3 chromedriver + 266707
7   chromedriver                        0x0000000109ea41dd chromedriver + 111069
8   chromedriver                        0x0000000109ea5185 chromedriver + 115077
9   chromedriver                        0x000000010a2bffff chromedriver + 4419583
10  chromedriver                        0x000000010a2cd7ba chromedriver + 4474810
11  chromedriver                        0x000000010a2cd557 chromedriver + 4474199
12  chromedriver                        0x000000010a2a4149 chromedriver + 4305225
13  chromedriver                        0x000000010a2ce067 chromedriver + 4477031
14  chromedriver                        0x000000010a2b5d87 chromedriver + 4377991
15  chromedriver                        0x000000010a2e42d4 chromedriver + 4567764
16  chromedriver                        0x000000010a3041f7 chromedriver + 4698615
17  libsystem_pthread.dylib             0x00007fff729342eb _pthread_body + 126
18  libsystem_pthread.dylib             0x00007fff72937249 _pthread_start + 66
19  libsystem_pthread.dylib             0x00007fff7293340d thread_start + 13
">
      <![CDATA[org.openqa.selenium.SessionNotCreatedException: session not created: This version of ChromeDriver only supports Chrome version 81
Build info: version: '3.141.59', revision: 'e82be7d358', time: '2018-11-14T08:25:53'
System info: host: 'Nhats-iMac.local', ip: '127.0.0.1', os.name: 'Mac OS X', os.arch: 'x86_64', os.version: '10.14.4', java.version: '1.8.0_201'
Driver info: driver.version: ChromeDriver
remote stacktrace: 0   chromedriver                        0x000000010a2fe269 chromedriver + 4674153
1   chromedriver                        0x000000010a298593 chromedriver + 4257171
2   chromedriver                        0x0000000109f41fcf chromedriver + 757711
3   chromedriver                        0x0000000109ea1f89 chromedriver + 102281
4   chromedriver                        0x0000000109e9e1bc chromedriver + 86460
5   chromedriver                        0x0000000109ecd3c3 chromedriver + 279491
6   chromedriver                        0x0000000109eca1d3 chromedriver + 266707
7   chromedriver                        0x0000000109ea41dd chromedriver + 111069
8   chromedriver                        0x0000000109ea5185 chromedriver + 115077
9   chromedriver                        0x000000010a2bffff chromedriver + 4419583
10  chromedriver                        0x000000010a2cd7ba chromedriver + 4474810
11  chromedriver                        0x000000010a2cd557 chromedriver + 4474199
12  chromedriver                        0x000000010a2a4149 chromedriver + 4305225
13  chromedriver                        0x000000010a2ce067 chromedriver + 4477031
14  chromedriver                        0x000000010a2b5d87 chromedriver + 4377991
15  chromedriver                        0x000000010a2e42d4 chromedriver + 4567764
16  chromedriver                        0x000000010a3041f7 chromedriver + 4698615
17  libsystem_pthread.dylib             0x00007fff729342eb _pthread_body + 126
18  libsystem_pthread.dylib             0x00007fff72937249 _pthread_start + 66
19  libsystem_pthread.dylib             0x00007fff7293340d thread_start + 13

at sun.reflect.NativeConstructorAccessorImpl.newInstance0(Native Method)
at sun.reflect.NativeConstructorAccessorImpl.newInstance(NativeConstructorAccessorImpl.java:62)
at sun.reflect.DelegatingConstructorAccessorImpl.newInstance(DelegatingConstructorAccessorImpl.java:45)
at java.lang.reflect.Constructor.newInstance(Constructor.java:423)
at org.openqa.selenium.remote.W3CHandshakeResponse.lambda$errorHandler$0(W3CHandshakeResponse.java:62)
at org.openqa.selenium.remote.HandshakeResponse.lambda$getResponseFunction$0(HandshakeResponse.java:30)
at org.openqa.selenium.remote.ProtocolHandshake.lambda$createSession$0(ProtocolHandshake.java:126)
at java.util.stream.ReferencePipeline$3$1.accept(ReferencePipeline.java:193)
at java.util.Spliterators$ArraySpliterator.tryAdvance(Spliterators.java:958)
at java.util.stream.ReferencePipeline.forEachWithCancel(ReferencePipeline.java:126)
at java.util.stream.AbstractPipeline.copyIntoWithCancel(AbstractPipeline.java:498)
at java.util.stream.AbstractPipeline.copyInto(AbstractPipeline.java:485)
at java.util.stream.AbstractPipeline.wrapAndCopyInto(AbstractPipeline.java:471)
at java.util.stream.FindOps$FindOp.evaluateSequential(FindOps.java:152)
at java.util.stream.AbstractPipeline.evaluate(AbstractPipeline.java:234)
at java.util.stream.ReferencePipeline.findFirst(ReferencePipeline.java:464)
at org.openqa.selenium.remote.ProtocolHandshake.createSession(ProtocolHandshake.java:128)
at org.openqa.selenium.remote.ProtocolHandshake.createSession(ProtocolHandshake.java:74)
at org.openqa.selenium.remote.HttpCommandExecutor.execute(HttpCommandExecutor.java:136)
at org.openqa.selenium.remote.service.DriverCommandExecutor.execute(DriverCommandExecutor.java:83)
at org.openqa.selenium.remote.RemoteWebDriver.execute(RemoteWebDriver.java:552)
at org.openqa.selenium.remote.RemoteWebDriver.startSession(RemoteWebDriver.java:213)
at org.openqa.selenium.remote.RemoteWebDriver.<init>(RemoteWebDriver.java:131)
at org.openqa.selenium.chrome.ChromeDriver.<init>(ChromeDriver.java:181)
at org.openqa.selenium.chrome.ChromeDriver.<init>(ChromeDriver.java:168)
at org.openqa.selenium.chrome.ChromeDriver.<init>(ChromeDriver.java:123)
at autotest.Ajaxdemo.setUp(Ajaxdemo.java:24)
at sun.reflect.NativeMethodAccessorImpl.invoke0(Native Method)
at sun.reflect.NativeMethodAccessorImpl.invoke(NativeMethodAccessorImpl.java:62)
at sun.reflect.DelegatingMethodAccessorImpl.invoke(DelegatingMethodAccessorImpl.java:43)
at java.lang.reflect.Method.invoke(Method.java:498)
at org.testng.internal.MethodInvocationHelper.invokeMethod(MethodInvocationHelper.java:135)
at org.testng.internal.MethodInvocationHelper.invokeMethodConsideringTimeout(MethodInvocationHelper.java:64)
at org.testng.internal.ConfigInvoker.invokeConfigurationMethod(ConfigInvoker.java:364)
at org.testng.internal.ConfigInvoker.invokeConfigurations(ConfigInvoker.java:318)
at org.testng.internal.TestMethodWorker.invokeBeforeClassMethods(TestMethodWorker.java:176)
at org.testng.internal.TestMethodWorker.run(TestMethodWorker.java:122)
at java.util.ArrayList.forEach(ArrayList.java:1257)
at org.testng.TestRunner.privateRun(TestRunner.java:767)
at org.testng.TestRunner.run(TestRunner.java:588)
at org.testng.SuiteRunner.runTest(SuiteRunner.java:384)
at org.testng.SuiteRunner.runSequentially(SuiteRunner.java:378)
at org.testng.SuiteRunner.privateRun(SuiteRunner.java:337)
at org.testng.SuiteRunner.run(SuiteRunner.java:286)
at org.testng.SuiteRunnerWorker.runSuite(SuiteRunnerWorker.java:53)
at org.testng.SuiteRunnerWorker.run(SuiteRunnerWorker.java:96)
at org.testng.TestNG.runSuitesSequentially(TestNG.java:1214)
at org.testng.TestNG.runSuitesLocally(TestNG.java:1136)
at org.testng.TestNG.runSuites(TestNG.java:1066)
at org.testng.TestNG.run(TestNG.java:1034)
at org.testng.remote.AbstractRemoteTestNG.run(AbstractRemoteTestNG.java:115)
at org.testng.remote.RemoteTestNG.initAndRun(RemoteTestNG.java:251)
at org.testng.remote.RemoteTestNG.main(RemoteTestNG.java:77)
]]>
    </error>
  </testcase> <!-- setUp -->
  <system-out/>
  <testcase name="test_AjaxExample" time="0.000" classname="autotest.Ajaxdemo">
    <skipped/>
  </testcase> <!-- test_AjaxExample -->
  <system-out/>
</testsuite> <!-- autotest.Ajaxdemo -->
